c:\users\joe\source\repos\facerecognition with qt\face recognition rebuilt\face recognition rebuilt\x64\debug\vc140.pdb
c:\users\joe\source\repos\facerecognition with qt\face recognition rebuilt\face recognition rebuilt\x64\debug\video.obj
c:\users\joe\source\repos\facerecognition with qt\face recognition rebuilt\face recognition rebuilt\x64\debug\main.obj
c:\users\joe\source\repos\facerecognition with qt\face recognition rebuilt\face recognition rebuilt\x64\debug\moc_menu.obj
c:\users\joe\source\repos\facerecognition with qt\face recognition rebuilt\face recognition rebuilt\x64\debug\moc_findprofile.obj
c:\users\joe\source\repos\facerecognition with qt\face recognition rebuilt\face recognition rebuilt\x64\debug\moc_facerecognitionrebuilt.obj
c:\users\joe\source\repos\facerecognition with qt\face recognition rebuilt\face recognition rebuilt\x64\debug\moc_editprofile.obj
c:\users\joe\source\repos\facerecognition with qt\face recognition rebuilt\face recognition rebuilt\x64\debug\moc_deleteprof.obj
c:\users\joe\source\repos\facerecognition with qt\face recognition rebuilt\face recognition rebuilt\x64\debug\moc_createprofile.obj
c:\users\joe\source\repos\facerecognition with qt\face recognition rebuilt\face recognition rebuilt\x64\debug\findprofile.obj
c:\users\joe\source\repos\facerecognition with qt\face recognition rebuilt\face recognition rebuilt\x64\debug\facerecognitionrebuilt.obj
c:\users\joe\source\repos\facerecognition with qt\face recognition rebuilt\face recognition rebuilt\x64\debug\editprofile.obj
c:\users\joe\source\repos\facerecognition with qt\face recognition rebuilt\face recognition rebuilt\x64\debug\deleteprof.obj
c:\users\joe\source\repos\facerecognition with qt\face recognition rebuilt\face recognition rebuilt\x64\debug\createprofile.obj
c:\users\joe\source\repos\facerecognition with qt\face recognition rebuilt\face recognition rebuilt\x64\debug\menu.obj
c:\users\joe\source\repos\facerecognition with qt\face recognition rebuilt\face recognition rebuilt\x64\debug\qrc_facerecognitionrebuilt.obj
c:\users\joe\source\repos\facerecognition with qt\face recognition rebuilt\face recognition rebuilt\generatedfiles\debug\moc_facerecognitionrebuilt.cpp
c:\users\joe\source\repos\facerecognition with qt\face recognition rebuilt\face recognition rebuilt\generatedfiles\ui_facerecognitionrebuilt.h
c:\users\joe\source\repos\facerecognition with qt\face recognition rebuilt\face recognition rebuilt\generatedfiles\debug\moc_createprofile.cpp
c:\users\joe\source\repos\facerecognition with qt\face recognition rebuilt\face recognition rebuilt\generatedfiles\debug\moc_deleteprof.cpp
c:\users\joe\source\repos\facerecognition with qt\face recognition rebuilt\face recognition rebuilt\generatedfiles\debug\moc_editprofile.cpp
c:\users\joe\source\repos\facerecognition with qt\face recognition rebuilt\face recognition rebuilt\generatedfiles\debug\moc_findprofile.cpp
c:\users\joe\source\repos\facerecognition with qt\face recognition rebuilt\face recognition rebuilt\generatedfiles\debug\moc_menu.cpp
c:\users\joe\source\repos\facerecognition with qt\face recognition rebuilt\face recognition rebuilt\generatedfiles\qrc_facerecognitionrebuilt.cpp
c:\users\joe\source\repos\facerecognition with qt\face recognition rebuilt\face recognition rebuilt\generatedfiles\ui_menu.h
c:\users\joe\source\repos\facerecognition with qt\face recognition rebuilt\face recognition rebuilt\generatedfiles\ui_findprofile.h
c:\users\joe\source\repos\facerecognition with qt\face recognition rebuilt\face recognition rebuilt\generatedfiles\ui_editprofile.h
c:\users\joe\source\repos\facerecognition with qt\face recognition rebuilt\face recognition rebuilt\generatedfiles\ui_deleteprof.h
c:\users\joe\source\repos\facerecognition with qt\face recognition rebuilt\face recognition rebuilt\generatedfiles\ui_createprofile.h
c:\users\joe\source\repos\facerecognition with qt\face recognition rebuilt\x64\debug\face recognition rebuilt.ilk
c:\users\joe\source\repos\facerecognition with qt\face recognition rebuilt\x64\debug\face recognition rebuilt.exe
c:\users\joe\source\repos\facerecognition with qt\face recognition rebuilt\x64\debug\face recognition rebuilt.pdb
c:\users\joe\source\repos\facerecognition with qt\face recognition rebuilt\face recognition rebuilt\x64\debug\face rec.b12702ad.tlog\cl.command.1.tlog
c:\users\joe\source\repos\facerecognition with qt\face recognition rebuilt\face recognition rebuilt\x64\debug\face rec.b12702ad.tlog\cl.read.1.tlog
c:\users\joe\source\repos\facerecognition with qt\face recognition rebuilt\face recognition rebuilt\x64\debug\face rec.b12702ad.tlog\cl.write.1.tlog
c:\users\joe\source\repos\facerecognition with qt\face recognition rebuilt\face recognition rebuilt\x64\debug\face rec.b12702ad.tlog\custombuild.command.1.tlog
c:\users\joe\source\repos\facerecognition with qt\face recognition rebuilt\face recognition rebuilt\x64\debug\face rec.b12702ad.tlog\custombuild.read.1.tlog
c:\users\joe\source\repos\facerecognition with qt\face recognition rebuilt\face recognition rebuilt\x64\debug\face rec.b12702ad.tlog\custombuild.write.1.tlog
c:\users\joe\source\repos\facerecognition with qt\face recognition rebuilt\face recognition rebuilt\x64\debug\face rec.b12702ad.tlog\link.command.1.tlog
c:\users\joe\source\repos\facerecognition with qt\face recognition rebuilt\face recognition rebuilt\x64\debug\face rec.b12702ad.tlog\link.read.1.tlog
c:\users\joe\source\repos\facerecognition with qt\face recognition rebuilt\face recognition rebuilt\x64\debug\face rec.b12702ad.tlog\link.write.1.tlog
