  Moc'ing FaceRecognitionRebuilt.h...
  Uic'ing FaceRecognitionRebuilt.ui...
  Moc'ing createprofile.h...
  Moc'ing deleteprof.h...
  Moc'ing editprofile.h...
  Moc'ing findprofile.h...
  Moc'ing menu.h...
  moc: G:\Documents\Visual Studio 2015\Projects\GUIFaceRec\menu.h: No such file
  Rcc'ing FaceRecognitionRebuilt.qrc...
RCC : warning : No resources in 'G:\Face Recognition Rebuilt\Face Recognition Rebuilt\FaceRecognitionRebuilt.qrc'.
  
  Uic'ing ..\..\..\..\..\Documents\Visual Studio 2015\Projects\GUIFaceRec\menu.ui...
  File 'G:\Documents\Visual Studio 2015\Projects\GUIFaceRec\menu.ui' is not valid
  Uic'ing findprofile.ui...
  Uic'ing editprofile.ui...
  Uic'ing deleteprof.ui...
  Uic'ing createprofile.ui...
  menu.cpp
c1xx : fatal error C1083: Cannot open source file: '..\..\..\..\..\Documents\Visual Studio 2015\Projects\GUIFaceRec\menu.cpp': No such file or directory
  createprofile.cpp
createprofile.cpp(3): fatal error C1083: Cannot open include file: 'opencv2\core\core.hpp': No such file or directory
  deleteprof.cpp
  editprofile.cpp
  FaceRecognitionRebuilt.cpp
  findprofile.cpp
findprofile.cpp(10): fatal error C1083: Cannot open include file: 'opencv2\core\core.hpp': No such file or directory
  moc_createprofile.cpp
  moc_deleteprof.cpp
  moc_editprofile.cpp
  moc_FaceRecognitionRebuilt.cpp
  moc_findprofile.cpp
  moc_menu.cpp
GeneratedFiles\Release\moc_menu.cpp(9): fatal error C1083: Cannot open include file: '../../../../../../../Documents/Visual Studio 2015/Projects/GUIFaceRec/menu.h': No such file or directory
  main.cpp
  Video.cpp
Video.cpp(6): fatal error C1083: Cannot open include file: 'opencv2\core\core.hpp': No such file or directory
  Generating Code...
